STAR version=2.7.3a
STAR compilation time,server,dir=Tue Oct 8 14:26:19 EDT 2019 vega:/home/dobin/data/STAR/STARcode/STAR.master/source
##### Command Line:
STAR --runThreadN 10 --runMode genomeGenerate --genomeDir /home/ssd/yue/indices --genomeFastaFiles /home/hdd/yue/data/text/Homo_sapiens.GRCh38.dna.primary_assembly.ERCC.fa --sjdbGTFfile /home/hdd/yue/data/text/Homo_sapiens.GRCh38.99.ERCC.gtf
##### Initial USER parameters from Command Line:
###### All USER parameters from Command Line:
runThreadN                    10     ~RE-DEFINED
runMode                       genomeGenerate     ~RE-DEFINED
genomeDir                     /home/ssd/yue/indices     ~RE-DEFINED
genomeFastaFiles              /home/hdd/yue/data/text/Homo_sapiens.GRCh38.dna.primary_assembly.ERCC.fa        ~RE-DEFINED
sjdbGTFfile                   /home/hdd/yue/data/text/Homo_sapiens.GRCh38.99.ERCC.gtf     ~RE-DEFINED
##### Finished reading parameters from all sources

##### Final user re-defined parameters-----------------:
runMode                           genomeGenerate
runThreadN                        10
genomeDir                         /home/ssd/yue/indices
genomeFastaFiles                  /home/hdd/yue/data/text/Homo_sapiens.GRCh38.dna.primary_assembly.ERCC.fa   
sjdbGTFfile                       /home/hdd/yue/data/text/Homo_sapiens.GRCh38.99.ERCC.gtf

-------------------------------
##### Final effective command line:
STAR   --runMode genomeGenerate   --runThreadN 10   --genomeDir /home/ssd/yue/indices   --genomeFastaFiles /home/hdd/yue/data/text/Homo_sapiens.GRCh38.dna.primary_assembly.ERCC.fa      --sjdbGTFfile /home/hdd/yue/data/text/Homo_sapiens.GRCh38.99.ERCC.gtf
----------------------------------------

Finished loading and checking parameters
Apr 07 07:19:42 ... starting to generate Genome files
/home/hdd/yue/data/text/Homo_sapiens.GRCh38.dna.primary_assembly.ERCC.fa : chr # 0  "1" chrStart: 0
/home/hdd/yue/data/text/Homo_sapiens.GRCh38.dna.primary_assembly.ERCC.fa : chr # 1  "10" chrStart: 249036800
/home/hdd/yue/data/text/Homo_sapiens.GRCh38.dna.primary_assembly.ERCC.fa : chr # 2  "11" chrStart: 382992384
/home/hdd/yue/data/text/Homo_sapiens.GRCh38.dna.primary_assembly.ERCC.fa : chr # 3  "12" chrStart: 518258688
/home/hdd/yue/data/text/Homo_sapiens.GRCh38.dna.primary_assembly.ERCC.fa : chr # 4  "13" chrStart: 651689984
/home/hdd/yue/data/text/Homo_sapiens.GRCh38.dna.primary_assembly.ERCC.fa : chr # 5  "14" chrStart: 766246912
/home/hdd/yue/data/text/Homo_sapiens.GRCh38.dna.primary_assembly.ERCC.fa : chr # 6  "15" chrStart: 873463808
/home/hdd/yue/data/text/Homo_sapiens.GRCh38.dna.primary_assembly.ERCC.fa : chr # 7  "16" chrStart: 975699968
/home/hdd/yue/data/text/Homo_sapiens.GRCh38.dna.primary_assembly.ERCC.fa : chr # 8  "17" chrStart: 1066139648
/home/hdd/yue/data/text/Homo_sapiens.GRCh38.dna.primary_assembly.ERCC.fa : chr # 9  "18" chrStart: 1149501440
/home/hdd/yue/data/text/Homo_sapiens.GRCh38.dna.primary_assembly.ERCC.fa : chr # 10  "19" chrStart: 1229979648
/home/hdd/yue/data/text/Homo_sapiens.GRCh38.dna.primary_assembly.ERCC.fa : chr # 11  "2" chrStart: 1288699904
/home/hdd/yue/data/text/Homo_sapiens.GRCh38.dna.primary_assembly.ERCC.fa : chr # 12  "20" chrStart: 1530920960
/home/hdd/yue/data/text/Homo_sapiens.GRCh38.dna.primary_assembly.ERCC.fa : chr # 13  "21" chrStart: 1595408384
/home/hdd/yue/data/text/Homo_sapiens.GRCh38.dna.primary_assembly.ERCC.fa : chr # 14  "22" chrStart: 1642332160
/home/hdd/yue/data/text/Homo_sapiens.GRCh38.dna.primary_assembly.ERCC.fa : chr # 15  "3" chrStart: 1693188096
/home/hdd/yue/data/text/Homo_sapiens.GRCh38.dna.primary_assembly.ERCC.fa : chr # 16  "4" chrStart: 1891631104
/home/hdd/yue/data/text/Homo_sapiens.GRCh38.dna.primary_assembly.ERCC.fa : chr # 17  "5" chrStart: 2081947648
/home/hdd/yue/data/text/Homo_sapiens.GRCh38.dna.primary_assembly.ERCC.fa : chr # 18  "6" chrStart: 2263613440
/home/hdd/yue/data/text/Homo_sapiens.GRCh38.dna.primary_assembly.ERCC.fa : chr # 19  "7" chrStart: 2434531328
/home/hdd/yue/data/text/Homo_sapiens.GRCh38.dna.primary_assembly.ERCC.fa : chr # 20  "8" chrStart: 2593914880
/home/hdd/yue/data/text/Homo_sapiens.GRCh38.dna.primary_assembly.ERCC.fa : chr # 21  "9" chrStart: 2739142656
/home/hdd/yue/data/text/Homo_sapiens.GRCh38.dna.primary_assembly.ERCC.fa : chr # 22  "MT" chrStart: 2877554688
/home/hdd/yue/data/text/Homo_sapiens.GRCh38.dna.primary_assembly.ERCC.fa : chr # 23  "X" chrStart: 2877816832
/home/hdd/yue/data/text/Homo_sapiens.GRCh38.dna.primary_assembly.ERCC.fa : chr # 24  "Y" chrStart: 3034054656
/home/hdd/yue/data/text/Homo_sapiens.GRCh38.dna.primary_assembly.ERCC.fa : chr # 25  "KI270728.1" chrStart: 3091464192
/home/hdd/yue/data/text/Homo_sapiens.GRCh38.dna.primary_assembly.ERCC.fa : chr # 26  "KI270727.1" chrStart: 3093561344
/home/hdd/yue/data/text/Homo_sapiens.GRCh38.dna.primary_assembly.ERCC.fa : chr # 27  "KI270442.1" chrStart: 3094085632
/home/hdd/yue/data/text/Homo_sapiens.GRCh38.dna.primary_assembly.ERCC.fa : chr # 28  "KI270729.1" chrStart: 3094609920
/home/hdd/yue/data/text/Homo_sapiens.GRCh38.dna.primary_assembly.ERCC.fa : chr # 29  "GL000225.1" chrStart: 3095134208
/home/hdd/yue/data/text/Homo_sapiens.GRCh38.dna.primary_assembly.ERCC.fa : chr # 30  "KI270743.1" chrStart: 3095396352
/home/hdd/yue/data/text/Homo_sapiens.GRCh38.dna.primary_assembly.ERCC.fa : chr # 31  "GL000008.2" chrStart: 3095658496
/home/hdd/yue/data/text/Homo_sapiens.GRCh38.dna.primary_assembly.ERCC.fa : chr # 32  "GL000009.2" chrStart: 3095920640
/home/hdd/yue/data/text/Homo_sapiens.GRCh38.dna.primary_assembly.ERCC.fa : chr # 33  "KI270747.1" chrStart: 3096182784
/home/hdd/yue/data/text/Homo_sapiens.GRCh38.dna.primary_assembly.ERCC.fa : chr # 34  "KI270722.1" chrStart: 3096444928
/home/hdd/yue/data/text/Homo_sapiens.GRCh38.dna.primary_assembly.ERCC.fa : chr # 35  "GL000194.1" chrStart: 3096707072
/home/hdd/yue/data/text/Homo_sapiens.GRCh38.dna.primary_assembly.ERCC.fa : chr # 36  "KI270742.1" chrStart: 3096969216
/home/hdd/yue/data/text/Homo_sapiens.GRCh38.dna.primary_assembly.ERCC.fa : chr # 37  "GL000205.2" chrStart: 3097231360
/home/hdd/yue/data/text/Homo_sapiens.GRCh38.dna.primary_assembly.ERCC.fa : chr # 38  "GL000195.1" chrStart: 3097493504
/home/hdd/yue/data/text/Homo_sapiens.GRCh38.dna.primary_assembly.ERCC.fa : chr # 39  "KI270736.1" chrStart: 3097755648
/home/hdd/yue/data/text/Homo_sapiens.GRCh38.dna.primary_assembly.ERCC.fa : chr # 40  "KI270733.1" chrStart: 3098017792
/home/hdd/yue/data/text/Homo_sapiens.GRCh38.dna.primary_assembly.ERCC.fa : chr # 41  "GL000224.1" chrStart: 3098279936
/home/hdd/yue/data/text/Homo_sapiens.GRCh38.dna.primary_assembly.ERCC.fa : chr # 42  "GL000219.1" chrStart: 3098542080
/home/hdd/yue/data/text/Homo_sapiens.GRCh38.dna.primary_assembly.ERCC.fa : chr # 43  "KI270719.1" chrStart: 3098804224
/home/hdd/yue/data/text/Homo_sapiens.GRCh38.dna.primary_assembly.ERCC.fa : chr # 44  "GL000216.2" chrStart: 3099066368
/home/hdd/yue/data/text/Homo_sapiens.GRCh38.dna.primary_assembly.ERCC.fa : chr # 45  "KI270712.1" chrStart: 3099328512
/home/hdd/yue/data/text/Homo_sapiens.GRCh38.dna.primary_assembly.ERCC.fa : chr # 46  "KI270706.1" chrStart: 3099590656
/home/hdd/yue/data/text/Homo_sapiens.GRCh38.dna.primary_assembly.ERCC.fa : chr # 47  "KI270725.1" chrStart: 3099852800
/home/hdd/yue/data/text/Homo_sapiens.GRCh38.dna.primary_assembly.ERCC.fa : chr # 48  "KI270744.1" chrStart: 3100114944
/home/hdd/yue/data/text/Homo_sapiens.GRCh38.dna.primary_assembly.ERCC.fa : chr # 49  "KI270734.1" chrStart: 3100377088
/home/hdd/yue/data/text/Homo_sapiens.GRCh38.dna.primary_assembly.ERCC.fa : chr # 50  "GL000213.1" chrStart: 3100639232
/home/hdd/yue/data/text/Homo_sapiens.GRCh38.dna.primary_assembly.ERCC.fa : chr # 51  "GL000220.1" chrStart: 3100901376
/home/hdd/yue/data/text/Homo_sapiens.GRCh38.dna.primary_assembly.ERCC.fa : chr # 52  "KI270715.1" chrStart: 3101163520
/home/hdd/yue/data/text/Homo_sapiens.GRCh38.dna.primary_assembly.ERCC.fa : chr # 53  "GL000218.1" chrStart: 3101425664
/home/hdd/yue/data/text/Homo_sapiens.GRCh38.dna.primary_assembly.ERCC.fa : chr # 54  "KI270749.1" chrStart: 3101687808
/home/hdd/yue/data/text/Homo_sapiens.GRCh38.dna.primary_assembly.ERCC.fa : chr # 55  "KI270741.1" chrStart: 3101949952
/home/hdd/yue/data/text/Homo_sapiens.GRCh38.dna.primary_assembly.ERCC.fa : chr # 56  "GL000221.1" chrStart: 3102212096
/home/hdd/yue/data/text/Homo_sapiens.GRCh38.dna.primary_assembly.ERCC.fa : chr # 57  "KI270716.1" chrStart: 3102474240
/home/hdd/yue/data/text/Homo_sapiens.GRCh38.dna.primary_assembly.ERCC.fa : chr # 58  "KI270731.1" chrStart: 3102736384
/home/hdd/yue/data/text/Homo_sapiens.GRCh38.dna.primary_assembly.ERCC.fa : chr # 59  "KI270751.1" chrStart: 3102998528
/home/hdd/yue/data/text/Homo_sapiens.GRCh38.dna.primary_assembly.ERCC.fa : chr # 60  "KI270750.1" chrStart: 3103260672
/home/hdd/yue/data/text/Homo_sapiens.GRCh38.dna.primary_assembly.ERCC.fa : chr # 61  "KI270519.1" chrStart: 3103522816
/home/hdd/yue/data/text/Homo_sapiens.GRCh38.dna.primary_assembly.ERCC.fa : chr # 62  "GL000214.1" chrStart: 3103784960
/home/hdd/yue/data/text/Homo_sapiens.GRCh38.dna.primary_assembly.ERCC.fa : chr # 63  "KI270708.1" chrStart: 3104047104
/home/hdd/yue/data/text/Homo_sapiens.GRCh38.dna.primary_assembly.ERCC.fa : chr # 64  "KI270730.1" chrStart: 3104309248
/home/hdd/yue/data/text/Homo_sapiens.GRCh38.dna.primary_assembly.ERCC.fa : chr # 65  "KI270438.1" chrStart: 3104571392
/home/hdd/yue/data/text/Homo_sapiens.GRCh38.dna.primary_assembly.ERCC.fa : chr # 66  "KI270737.1" chrStart: 3104833536
/home/hdd/yue/data/text/Homo_sapiens.GRCh38.dna.primary_assembly.ERCC.fa : chr # 67  "KI270721.1" chrStart: 3105095680
/home/hdd/yue/data/text/Homo_sapiens.GRCh38.dna.primary_assembly.ERCC.fa : chr # 68  "KI270738.1" chrStart: 3105357824
/home/hdd/yue/data/text/Homo_sapiens.GRCh38.dna.primary_assembly.ERCC.fa : chr # 69  "KI270748.1" chrStart: 3105619968
/home/hdd/yue/data/text/Homo_sapiens.GRCh38.dna.primary_assembly.ERCC.fa : chr # 70  "KI270435.1" chrStart: 3105882112
/home/hdd/yue/data/text/Homo_sapiens.GRCh38.dna.primary_assembly.ERCC.fa : chr # 71  "GL000208.1" chrStart: 3106144256
/home/hdd/yue/data/text/Homo_sapiens.GRCh38.dna.primary_assembly.ERCC.fa : chr # 72  "KI270538.1" chrStart: 3106406400
/home/hdd/yue/data/text/Homo_sapiens.GRCh38.dna.primary_assembly.ERCC.fa : chr # 73  "KI270756.1" chrStart: 3106668544
/home/hdd/yue/data/text/Homo_sapiens.GRCh38.dna.primary_assembly.ERCC.fa : chr # 74  "KI270739.1" chrStart: 3106930688
/home/hdd/yue/data/text/Homo_sapiens.GRCh38.dna.primary_assembly.ERCC.fa : chr # 75  "KI270757.1" chrStart: 3107192832
/home/hdd/yue/data/text/Homo_sapiens.GRCh38.dna.primary_assembly.ERCC.fa : chr # 76  "KI270709.1" chrStart: 3107454976
/home/hdd/yue/data/text/Homo_sapiens.GRCh38.dna.primary_assembly.ERCC.fa : chr # 77  "KI270746.1" chrStart: 3107717120
/home/hdd/yue/data/text/Homo_sapiens.GRCh38.dna.primary_assembly.ERCC.fa : chr # 78  "KI270753.1" chrStart: 3107979264
/home/hdd/yue/data/text/Homo_sapiens.GRCh38.dna.primary_assembly.ERCC.fa : chr # 79  "KI270589.1" chrStart: 3108241408
/home/hdd/yue/data/text/Homo_sapiens.GRCh38.dna.primary_assembly.ERCC.fa : chr # 80  "KI270726.1" chrStart: 3108503552
/home/hdd/yue/data/text/Homo_sapiens.GRCh38.dna.primary_assembly.ERCC.fa : chr # 81  "KI270735.1" chrStart: 3108765696
/home/hdd/yue/data/text/Homo_sapiens.GRCh38.dna.primary_assembly.ERCC.fa : chr # 82  "KI270711.1" chrStart: 3109027840
/home/hdd/yue/data/text/Homo_sapiens.GRCh38.dna.primary_assembly.ERCC.fa : chr # 83  "KI270745.1" chrStart: 3109289984
/home/hdd/yue/data/text/Homo_sapiens.GRCh38.dna.primary_assembly.ERCC.fa : chr # 84  "KI270714.1" chrStart: 3109552128
/home/hdd/yue/data/text/Homo_sapiens.GRCh38.dna.primary_assembly.ERCC.fa : chr # 85  "KI270732.1" chrStart: 3109814272
/home/hdd/yue/data/text/Homo_sapiens.GRCh38.dna.primary_assembly.ERCC.fa : chr # 86  "KI270713.1" chrStart: 3110076416
/home/hdd/yue/data/text/Homo_sapiens.GRCh38.dna.primary_assembly.ERCC.fa : chr # 87  "KI270754.1" chrStart: 3110338560
/home/hdd/yue/data/text/Homo_sapiens.GRCh38.dna.primary_assembly.ERCC.fa : chr # 88  "KI270710.1" chrStart: 3110600704
/home/hdd/yue/data/text/Homo_sapiens.GRCh38.dna.primary_assembly.ERCC.fa : chr # 89  "KI270717.1" chrStart: 3110862848
/home/hdd/yue/data/text/Homo_sapiens.GRCh38.dna.primary_assembly.ERCC.fa : chr # 90  "KI270724.1" chrStart: 3111124992
/home/hdd/yue/data/text/Homo_sapiens.GRCh38.dna.primary_assembly.ERCC.fa : chr # 91  "KI270720.1" chrStart: 3111387136
/home/hdd/yue/data/text/Homo_sapiens.GRCh38.dna.primary_assembly.ERCC.fa : chr # 92  "KI270723.1" chrStart: 3111649280
/home/hdd/yue/data/text/Homo_sapiens.GRCh38.dna.primary_assembly.ERCC.fa : chr # 93  "KI270718.1" chrStart: 3111911424
/home/hdd/yue/data/text/Homo_sapiens.GRCh38.dna.primary_assembly.ERCC.fa : chr # 94  "KI270317.1" chrStart: 3112173568
/home/hdd/yue/data/text/Homo_sapiens.GRCh38.dna.primary_assembly.ERCC.fa : chr # 95  "KI270740.1" chrStart: 3112435712
/home/hdd/yue/data/text/Homo_sapiens.GRCh38.dna.primary_assembly.ERCC.fa : chr # 96  "KI270755.1" chrStart: 3112697856
/home/hdd/yue/data/text/Homo_sapiens.GRCh38.dna.primary_assembly.ERCC.fa : chr # 97  "KI270707.1" chrStart: 3112960000
/home/hdd/yue/data/text/Homo_sapiens.GRCh38.dna.primary_assembly.ERCC.fa : chr # 98  "KI270579.1" chrStart: 3113222144
/home/hdd/yue/data/text/Homo_sapiens.GRCh38.dna.primary_assembly.ERCC.fa : chr # 99  "KI270752.1" chrStart: 3113484288
/home/hdd/yue/data/text/Homo_sapiens.GRCh38.dna.primary_assembly.ERCC.fa : chr # 100  "KI270512.1" chrStart: 3113746432
/home/hdd/yue/data/text/Homo_sapiens.GRCh38.dna.primary_assembly.ERCC.fa : chr # 101  "KI270322.1" chrStart: 3114008576
/home/hdd/yue/data/text/Homo_sapiens.GRCh38.dna.primary_assembly.ERCC.fa : chr # 102  "GL000226.1" chrStart: 3114270720
/home/hdd/yue/data/text/Homo_sapiens.GRCh38.dna.primary_assembly.ERCC.fa : chr # 103  "KI270311.1" chrStart: 3114532864
/home/hdd/yue/data/text/Homo_sapiens.GRCh38.dna.primary_assembly.ERCC.fa : chr # 104  "KI270366.1" chrStart: 3114795008
/home/hdd/yue/data/text/Homo_sapiens.GRCh38.dna.primary_assembly.ERCC.fa : chr # 105  "KI270511.1" chrStart: 3115057152
/home/hdd/yue/data/text/Homo_sapiens.GRCh38.dna.primary_assembly.ERCC.fa : chr # 106  "KI270448.1" chrStart: 3115319296
/home/hdd/yue/data/text/Homo_sapiens.GRCh38.dna.primary_assembly.ERCC.fa : chr # 107  "KI270521.1" chrStart: 3115581440
/home/hdd/yue/data/text/Homo_sapiens.GRCh38.dna.primary_assembly.ERCC.fa : chr # 108  "KI270581.1" chrStart: 3115843584
/home/hdd/yue/data/text/Homo_sapiens.GRCh38.dna.primary_assembly.ERCC.fa : chr # 109  "KI270582.1" chrStart: 3116105728
/home/hdd/yue/data/text/Homo_sapiens.GRCh38.dna.primary_assembly.ERCC.fa : chr # 110  "KI270515.1" chrStart: 3116367872
/home/hdd/yue/data/text/Homo_sapiens.GRCh38.dna.primary_assembly.ERCC.fa : chr # 111  "KI270588.1" chrStart: 3116630016
/home/hdd/yue/data/text/Homo_sapiens.GRCh38.dna.primary_assembly.ERCC.fa : chr # 112  "KI270591.1" chrStart: 3116892160
/home/hdd/yue/data/text/Homo_sapiens.GRCh38.dna.primary_assembly.ERCC.fa : chr # 113  "KI270522.1" chrStart: 3117154304
/home/hdd/yue/data/text/Homo_sapiens.GRCh38.dna.primary_assembly.ERCC.fa : chr # 114  "KI270507.1" chrStart: 3117416448
/home/hdd/yue/data/text/Homo_sapiens.GRCh38.dna.primary_assembly.ERCC.fa : chr # 115  "KI270590.1" chrStart: 3117678592
/home/hdd/yue/data/text/Homo_sapiens.GRCh38.dna.primary_assembly.ERCC.fa : chr # 116  "KI270584.1" chrStart: 3117940736
/home/hdd/yue/data/text/Homo_sapiens.GRCh38.dna.primary_assembly.ERCC.fa : chr # 117  "KI270320.1" chrStart: 3118202880
/home/hdd/yue/data/text/Homo_sapiens.GRCh38.dna.primary_assembly.ERCC.fa : chr # 118  "KI270382.1" chrStart: 3118465024
/home/hdd/yue/data/text/Homo_sapiens.GRCh38.dna.primary_assembly.ERCC.fa : chr # 119  "KI270468.1" chrStart: 3118727168
/home/hdd/yue/data/text/Homo_sapiens.GRCh38.dna.primary_assembly.ERCC.fa : chr # 120  "KI270467.1" chrStart: 3118989312
/home/hdd/yue/data/text/Homo_sapiens.GRCh38.dna.primary_assembly.ERCC.fa : chr # 121  "KI270362.1" chrStart: 3119251456
/home/hdd/yue/data/text/Homo_sapiens.GRCh38.dna.primary_assembly.ERCC.fa : chr # 122  "KI270517.1" chrStart: 3119513600
/home/hdd/yue/data/text/Homo_sapiens.GRCh38.dna.primary_assembly.ERCC.fa : chr # 123  "KI270593.1" chrStart: 3119775744
/home/hdd/yue/data/text/Homo_sapiens.GRCh38.dna.primary_assembly.ERCC.fa : chr # 124  "KI270528.1" chrStart: 3120037888
/home/hdd/yue/data/text/Homo_sapiens.GRCh38.dna.primary_assembly.ERCC.fa : chr # 125  "KI270587.1" chrStart: 3120300032
/home/hdd/yue/data/text/Homo_sapiens.GRCh38.dna.primary_assembly.ERCC.fa : chr # 126  "KI270364.1" chrStart: 3120562176
/home/hdd/yue/data/text/Homo_sapiens.GRCh38.dna.primary_assembly.ERCC.fa : chr # 127  "KI270371.1" chrStart: 3120824320
/home/hdd/yue/data/text/Homo_sapiens.GRCh38.dna.primary_assembly.ERCC.fa : chr # 128  "KI270333.1" chrStart: 3121086464
/home/hdd/yue/data/text/Homo_sapiens.GRCh38.dna.primary_assembly.ERCC.fa : chr # 129  "KI270374.1" chrStart: 3121348608
/home/hdd/yue/data/text/Homo_sapiens.GRCh38.dna.primary_assembly.ERCC.fa : chr # 130  "KI270411.1" chrStart: 3121610752
/home/hdd/yue/data/text/Homo_sapiens.GRCh38.dna.primary_assembly.ERCC.fa : chr # 131  "KI270414.1" chrStart: 3121872896
/home/hdd/yue/data/text/Homo_sapiens.GRCh38.dna.primary_assembly.ERCC.fa : chr # 132  "KI270510.1" chrStart: 3122135040
/home/hdd/yue/data/text/Homo_sapiens.GRCh38.dna.primary_assembly.ERCC.fa : chr # 133  "KI270390.1" chrStart: 3122397184
/home/hdd/yue/data/text/Homo_sapiens.GRCh38.dna.primary_assembly.ERCC.fa : chr # 134  "KI270375.1" chrStart: 3122659328
/home/hdd/yue/data/text/Homo_sapiens.GRCh38.dna.primary_assembly.ERCC.fa : chr # 135  "KI270420.1" chrStart: 3122921472
/home/hdd/yue/data/text/Homo_sapiens.GRCh38.dna.primary_assembly.ERCC.fa : chr # 136  "KI270509.1" chrStart: 3123183616
/home/hdd/yue/data/text/Homo_sapiens.GRCh38.dna.primary_assembly.ERCC.fa : chr # 137  "KI270315.1" chrStart: 3123445760
/home/hdd/yue/data/text/Homo_sapiens.GRCh38.dna.primary_assembly.ERCC.fa : chr # 138  "KI270302.1" chrStart: 3123707904
/home/hdd/yue/data/text/Homo_sapiens.GRCh38.dna.primary_assembly.ERCC.fa : chr # 139  "KI270518.1" chrStart: 3123970048
/home/hdd/yue/data/text/Homo_sapiens.GRCh38.dna.primary_assembly.ERCC.fa : chr # 140  "KI270530.1" chrStart: 3124232192
/home/hdd/yue/data/text/Homo_sapiens.GRCh38.dna.primary_assembly.ERCC.fa : chr # 141  "KI270304.1" chrStart: 3124494336
/home/hdd/yue/data/text/Homo_sapiens.GRCh38.dna.primary_assembly.ERCC.fa : chr # 142  "KI270418.1" chrStart: 3124756480
/home/hdd/yue/data/text/Homo_sapiens.GRCh38.dna.primary_assembly.ERCC.fa : chr # 143  "KI270424.1" chrStart: 3125018624
/home/hdd/yue/data/text/Homo_sapiens.GRCh38.dna.primary_assembly.ERCC.fa : chr # 144  "KI270417.1" chrStart: 3125280768
/home/hdd/yue/data/text/Homo_sapiens.GRCh38.dna.primary_assembly.ERCC.fa : chr # 145  "KI270508.1" chrStart: 3125542912
/home/hdd/yue/data/text/Homo_sapiens.GRCh38.dna.primary_assembly.ERCC.fa : chr # 146  "KI270303.1" chrStart: 3125805056
/home/hdd/yue/data/text/Homo_sapiens.GRCh38.dna.primary_assembly.ERCC.fa : chr # 147  "KI270381.1" chrStart: 3126067200
/home/hdd/yue/data/text/Homo_sapiens.GRCh38.dna.primary_assembly.ERCC.fa : chr # 148  "KI270529.1" chrStart: 3126329344
/home/hdd/yue/data/text/Homo_sapiens.GRCh38.dna.primary_assembly.ERCC.fa : chr # 149  "KI270425.1" chrStart: 3126591488
/home/hdd/yue/data/text/Homo_sapiens.GRCh38.dna.primary_assembly.ERCC.fa : chr # 150  "KI270396.1" chrStart: 3126853632
/home/hdd/yue/data/text/Homo_sapiens.GRCh38.dna.primary_assembly.ERCC.fa : chr # 151  "KI270363.1" chrStart: 3127115776
/home/hdd/yue/data/text/Homo_sapiens.GRCh38.dna.primary_assembly.ERCC.fa : chr # 152  "KI270386.1" chrStart: 3127377920
/home/hdd/yue/data/text/Homo_sapiens.GRCh38.dna.primary_assembly.ERCC.fa : chr # 153  "KI270465.1" chrStart: 3127640064
/home/hdd/yue/data/text/Homo_sapiens.GRCh38.dna.primary_assembly.ERCC.fa : chr # 154  "KI270383.1" chrStart: 3127902208
/home/hdd/yue/data/text/Homo_sapiens.GRCh38.dna.primary_assembly.ERCC.fa : chr # 155  "KI270384.1" chrStart: 3128164352
/home/hdd/yue/data/text/Homo_sapiens.GRCh38.dna.primary_assembly.ERCC.fa : chr # 156  "KI270330.1" chrStart: 3128426496
/home/hdd/yue/data/text/Homo_sapiens.GRCh38.dna.primary_assembly.ERCC.fa : chr # 157  "KI270372.1" chrStart: 3128688640
/home/hdd/yue/data/text/Homo_sapiens.GRCh38.dna.primary_assembly.ERCC.fa : chr # 158  "KI270548.1" chrStart: 3128950784
/home/hdd/yue/data/text/Homo_sapiens.GRCh38.dna.primary_assembly.ERCC.fa : chr # 159  "KI270580.1" chrStart: 3129212928
/home/hdd/yue/data/text/Homo_sapiens.GRCh38.dna.primary_assembly.ERCC.fa : chr # 160  "KI270387.1" chrStart: 3129475072
/home/hdd/yue/data/text/Homo_sapiens.GRCh38.dna.primary_assembly.ERCC.fa : chr # 161  "KI270391.1" chrStart: 3129737216
/home/hdd/yue/data/text/Homo_sapiens.GRCh38.dna.primary_assembly.ERCC.fa : chr # 162  "KI270305.1" chrStart: 3129999360
/home/hdd/yue/data/text/Homo_sapiens.GRCh38.dna.primary_assembly.ERCC.fa : chr # 163  "KI270373.1" chrStart: 3130261504
/home/hdd/yue/data/text/Homo_sapiens.GRCh38.dna.primary_assembly.ERCC.fa : chr # 164  "KI270422.1" chrStart: 3130523648
/home/hdd/yue/data/text/Homo_sapiens.GRCh38.dna.primary_assembly.ERCC.fa : chr # 165  "KI270316.1" chrStart: 3130785792
/home/hdd/yue/data/text/Homo_sapiens.GRCh38.dna.primary_assembly.ERCC.fa : chr # 166  "KI270340.1" chrStart: 3131047936
/home/hdd/yue/data/text/Homo_sapiens.GRCh38.dna.primary_assembly.ERCC.fa : chr # 167  "KI270338.1" chrStart: 3131310080
/home/hdd/yue/data/text/Homo_sapiens.GRCh38.dna.primary_assembly.ERCC.fa : chr # 168  "KI270583.1" chrStart: 3131572224
/home/hdd/yue/data/text/Homo_sapiens.GRCh38.dna.primary_assembly.ERCC.fa : chr # 169  "KI270334.1" chrStart: 3131834368
/home/hdd/yue/data/text/Homo_sapiens.GRCh38.dna.primary_assembly.ERCC.fa : chr # 170  "KI270429.1" chrStart: 3132096512
/home/hdd/yue/data/text/Homo_sapiens.GRCh38.dna.primary_assembly.ERCC.fa : chr # 171  "KI270393.1" chrStart: 3132358656
/home/hdd/yue/data/text/Homo_sapiens.GRCh38.dna.primary_assembly.ERCC.fa : chr # 172  "KI270516.1" chrStart: 3132620800
/home/hdd/yue/data/text/Homo_sapiens.GRCh38.dna.primary_assembly.ERCC.fa : chr # 173  "KI270389.1" chrStart: 3132882944
/home/hdd/yue/data/text/Homo_sapiens.GRCh38.dna.primary_assembly.ERCC.fa : chr # 174  "KI270466.1" chrStart: 3133145088
/home/hdd/yue/data/text/Homo_sapiens.GRCh38.dna.primary_assembly.ERCC.fa : chr # 175  "KI270388.1" chrStart: 3133407232
/home/hdd/yue/data/text/Homo_sapiens.GRCh38.dna.primary_assembly.ERCC.fa : chr # 176  "KI270544.1" chrStart: 3133669376
/home/hdd/yue/data/text/Homo_sapiens.GRCh38.dna.primary_assembly.ERCC.fa : chr # 177  "KI270310.1" chrStart: 3133931520
/home/hdd/yue/data/text/Homo_sapiens.GRCh38.dna.primary_assembly.ERCC.fa : chr # 178  "KI270412.1" chrStart: 3134193664
/home/hdd/yue/data/text/Homo_sapiens.GRCh38.dna.primary_assembly.ERCC.fa : chr # 179  "KI270395.1" chrStart: 3134455808
/home/hdd/yue/data/text/Homo_sapiens.GRCh38.dna.primary_assembly.ERCC.fa : chr # 180  "KI270376.1" chrStart: 3134717952
/home/hdd/yue/data/text/Homo_sapiens.GRCh38.dna.primary_assembly.ERCC.fa : chr # 181  "KI270337.1" chrStart: 3134980096
/home/hdd/yue/data/text/Homo_sapiens.GRCh38.dna.primary_assembly.ERCC.fa : chr # 182  "KI270335.1" chrStart: 3135242240
/home/hdd/yue/data/text/Homo_sapiens.GRCh38.dna.primary_assembly.ERCC.fa : chr # 183  "KI270378.1" chrStart: 3135504384
/home/hdd/yue/data/text/Homo_sapiens.GRCh38.dna.primary_assembly.ERCC.fa : chr # 184  "KI270379.1" chrStart: 3135766528
/home/hdd/yue/data/text/Homo_sapiens.GRCh38.dna.primary_assembly.ERCC.fa : chr # 185  "KI270329.1" chrStart: 3136028672
/home/hdd/yue/data/text/Homo_sapiens.GRCh38.dna.primary_assembly.ERCC.fa : chr # 186  "KI270419.1" chrStart: 3136290816
/home/hdd/yue/data/text/Homo_sapiens.GRCh38.dna.primary_assembly.ERCC.fa : chr # 187  "KI270336.1" chrStart: 3136552960
/home/hdd/yue/data/text/Homo_sapiens.GRCh38.dna.primary_assembly.ERCC.fa : chr # 188  "KI270312.1" chrStart: 3136815104
/home/hdd/yue/data/text/Homo_sapiens.GRCh38.dna.primary_assembly.ERCC.fa : chr # 189  "KI270539.1" chrStart: 3137077248
/home/hdd/yue/data/text/Homo_sapiens.GRCh38.dna.primary_assembly.ERCC.fa : chr # 190  "KI270385.1" chrStart: 3137339392
/home/hdd/yue/data/text/Homo_sapiens.GRCh38.dna.primary_assembly.ERCC.fa : chr # 191  "KI270423.1" chrStart: 3137601536
/home/hdd/yue/data/text/Homo_sapiens.GRCh38.dna.primary_assembly.ERCC.fa : chr # 192  "KI270392.1" chrStart: 3137863680
/home/hdd/yue/data/text/Homo_sapiens.GRCh38.dna.primary_assembly.ERCC.fa : chr # 193  "KI270394.1" chrStart: 3138125824
/home/hdd/yue/data/text/Homo_sapiens.GRCh38.dna.primary_assembly.ERCC.fa : chr # 194  "ERCC-00002" chrStart: 3138387968
/home/hdd/yue/data/text/Homo_sapiens.GRCh38.dna.primary_assembly.ERCC.fa : chr # 195  "ERCC-00003" chrStart: 3138650112
/home/hdd/yue/data/text/Homo_sapiens.GRCh38.dna.primary_assembly.ERCC.fa : chr # 196  "ERCC-00004" chrStart: 3138912256
/home/hdd/yue/data/text/Homo_sapiens.GRCh38.dna.primary_assembly.ERCC.fa : chr # 197  "ERCC-00009" chrStart: 3139174400
/home/hdd/yue/data/text/Homo_sapiens.GRCh38.dna.primary_assembly.ERCC.fa : chr # 198  "ERCC-00012" chrStart: 3139436544
/home/hdd/yue/data/text/Homo_sapiens.GRCh38.dna.primary_assembly.ERCC.fa : chr # 199  "ERCC-00013" chrStart: 3139698688
/home/hdd/yue/data/text/Homo_sapiens.GRCh38.dna.primary_assembly.ERCC.fa : chr # 200  "ERCC-00014" chrStart: 3139960832
/home/hdd/yue/data/text/Homo_sapiens.GRCh38.dna.primary_assembly.ERCC.fa : chr # 201  "ERCC-00016" chrStart: 3140222976
/home/hdd/yue/data/text/Homo_sapiens.GRCh38.dna.primary_assembly.ERCC.fa : chr # 202  "ERCC-00017" chrStart: 3140485120
/home/hdd/yue/data/text/Homo_sapiens.GRCh38.dna.primary_assembly.ERCC.fa : chr # 203  "ERCC-00019" chrStart: 3140747264
/home/hdd/yue/data/text/Homo_sapiens.GRCh38.dna.primary_assembly.ERCC.fa : chr # 204  "ERCC-00022" chrStart: 3141009408
/home/hdd/yue/data/text/Homo_sapiens.GRCh38.dna.primary_assembly.ERCC.fa : chr # 205  "ERCC-00024" chrStart: 3141271552
/home/hdd/yue/data/text/Homo_sapiens.GRCh38.dna.primary_assembly.ERCC.fa : chr # 206  "ERCC-00025" chrStart: 3141533696
/home/hdd/yue/data/text/Homo_sapiens.GRCh38.dna.primary_assembly.ERCC.fa : chr # 207  "ERCC-00028" chrStart: 3141795840
/home/hdd/yue/data/text/Homo_sapiens.GRCh38.dna.primary_assembly.ERCC.fa : chr # 208  "ERCC-00031" chrStart: 3142057984
/home/hdd/yue/data/text/Homo_sapiens.GRCh38.dna.primary_assembly.ERCC.fa : chr # 209  "ERCC-00033" chrStart: 3142320128
/home/hdd/yue/data/text/Homo_sapiens.GRCh38.dna.primary_assembly.ERCC.fa : chr # 210  "ERCC-00034" chrStart: 3142582272
/home/hdd/yue/data/text/Homo_sapiens.GRCh38.dna.primary_assembly.ERCC.fa : chr # 211  "ERCC-00035" chrStart: 3142844416
/home/hdd/yue/data/text/Homo_sapiens.GRCh38.dna.primary_assembly.ERCC.fa : chr # 212  "ERCC-00039" chrStart: 3143106560
/home/hdd/yue/data/text/Homo_sapiens.GRCh38.dna.primary_assembly.ERCC.fa : chr # 213  "ERCC-00040" chrStart: 3143368704
/home/hdd/yue/data/text/Homo_sapiens.GRCh38.dna.primary_assembly.ERCC.fa : chr # 214  "ERCC-00041" chrStart: 3143630848
/home/hdd/yue/data/text/Homo_sapiens.GRCh38.dna.primary_assembly.ERCC.fa : chr # 215  "ERCC-00042" chrStart: 3143892992
/home/hdd/yue/data/text/Homo_sapiens.GRCh38.dna.primary_assembly.ERCC.fa : chr # 216  "ERCC-00043" chrStart: 3144155136
/home/hdd/yue/data/text/Homo_sapiens.GRCh38.dna.primary_assembly.ERCC.fa : chr # 217  "ERCC-00044" chrStart: 3144417280
/home/hdd/yue/data/text/Homo_sapiens.GRCh38.dna.primary_assembly.ERCC.fa : chr # 218  "ERCC-00046" chrStart: 3144679424
/home/hdd/yue/data/text/Homo_sapiens.GRCh38.dna.primary_assembly.ERCC.fa : chr # 219  "ERCC-00048" chrStart: 3144941568
/home/hdd/yue/data/text/Homo_sapiens.GRCh38.dna.primary_assembly.ERCC.fa : chr # 220  "ERCC-00051" chrStart: 3145203712
/home/hdd/yue/data/text/Homo_sapiens.GRCh38.dna.primary_assembly.ERCC.fa : chr # 221  "ERCC-00053" chrStart: 3145465856
/home/hdd/yue/data/text/Homo_sapiens.GRCh38.dna.primary_assembly.ERCC.fa : chr # 222  "ERCC-00054" chrStart: 3145728000
/home/hdd/yue/data/text/Homo_sapiens.GRCh38.dna.primary_assembly.ERCC.fa : chr # 223  "ERCC-00057" chrStart: 3145990144
/home/hdd/yue/data/text/Homo_sapiens.GRCh38.dna.primary_assembly.ERCC.fa : chr # 224  "ERCC-00058" chrStart: 3146252288
/home/hdd/yue/data/text/Homo_sapiens.GRCh38.dna.primary_assembly.ERCC.fa : chr # 225  "ERCC-00059" chrStart: 3146514432
/home/hdd/yue/data/text/Homo_sapiens.GRCh38.dna.primary_assembly.ERCC.fa : chr # 226  "ERCC-00060" chrStart: 3146776576
/home/hdd/yue/data/text/Homo_sapiens.GRCh38.dna.primary_assembly.ERCC.fa : chr # 227  "ERCC-00061" chrStart: 3147038720
/home/hdd/yue/data/text/Homo_sapiens.GRCh38.dna.primary_assembly.ERCC.fa : chr # 228  "ERCC-00062" chrStart: 3147300864
/home/hdd/yue/data/text/Homo_sapiens.GRCh38.dna.primary_assembly.ERCC.fa : chr # 229  "ERCC-00067" chrStart: 3147563008
/home/hdd/yue/data/text/Homo_sapiens.GRCh38.dna.primary_assembly.ERCC.fa : chr # 230  "ERCC-00069" chrStart: 3147825152
/home/hdd/yue/data/text/Homo_sapiens.GRCh38.dna.primary_assembly.ERCC.fa : chr # 231  "ERCC-00071" chrStart: 3148087296
/home/hdd/yue/data/text/Homo_sapiens.GRCh38.dna.primary_assembly.ERCC.fa : chr # 232  "ERCC-00073" chrStart: 3148349440
/home/hdd/yue/data/text/Homo_sapiens.GRCh38.dna.primary_assembly.ERCC.fa : chr # 233  "ERCC-00074" chrStart: 3148611584
/home/hdd/yue/data/text/Homo_sapiens.GRCh38.dna.primary_assembly.ERCC.fa : chr # 234  "ERCC-00075" chrStart: 3148873728
/home/hdd/yue/data/text/Homo_sapiens.GRCh38.dna.primary_assembly.ERCC.fa : chr # 235  "ERCC-00076" chrStart: 3149135872
/home/hdd/yue/data/text/Homo_sapiens.GRCh38.dna.primary_assembly.ERCC.fa : chr # 236  "ERCC-00077" chrStart: 3149398016
/home/hdd/yue/data/text/Homo_sapiens.GRCh38.dna.primary_assembly.ERCC.fa : chr # 237  "ERCC-00078" chrStart: 3149660160
/home/hdd/yue/data/text/Homo_sapiens.GRCh38.dna.primary_assembly.ERCC.fa : chr # 238  "ERCC-00079" chrStart: 3149922304
/home/hdd/yue/data/text/Homo_sapiens.GRCh38.dna.primary_assembly.ERCC.fa : chr # 239  "ERCC-00081" chrStart: 3150184448
/home/hdd/yue/data/text/Homo_sapiens.GRCh38.dna.primary_assembly.ERCC.fa : chr # 240  "ERCC-00083" chrStart: 3150446592
/home/hdd/yue/data/text/Homo_sapiens.GRCh38.dna.primary_assembly.ERCC.fa : chr # 241  "ERCC-00084" chrStart: 3150708736
/home/hdd/yue/data/text/Homo_sapiens.GRCh38.dna.primary_assembly.ERCC.fa : chr # 242  "ERCC-00085" chrStart: 3150970880
/home/hdd/yue/data/text/Homo_sapiens.GRCh38.dna.primary_assembly.ERCC.fa : chr # 243  "ERCC-00086" chrStart: 3151233024
/home/hdd/yue/data/text/Homo_sapiens.GRCh38.dna.primary_assembly.ERCC.fa : chr # 244  "ERCC-00092" chrStart: 3151495168
/home/hdd/yue/data/text/Homo_sapiens.GRCh38.dna.primary_assembly.ERCC.fa : chr # 245  "ERCC-00095" chrStart: 3151757312
/home/hdd/yue/data/text/Homo_sapiens.GRCh38.dna.primary_assembly.ERCC.fa : chr # 246  "ERCC-00096" chrStart: 3152019456
/home/hdd/yue/data/text/Homo_sapiens.GRCh38.dna.primary_assembly.ERCC.fa : chr # 247  "ERCC-00097" chrStart: 3152281600
/home/hdd/yue/data/text/Homo_sapiens.GRCh38.dna.primary_assembly.ERCC.fa : chr # 248  "ERCC-00098" chrStart: 3152543744
/home/hdd/yue/data/text/Homo_sapiens.GRCh38.dna.primary_assembly.ERCC.fa : chr # 249  "ERCC-00099" chrStart: 3152805888
/home/hdd/yue/data/text/Homo_sapiens.GRCh38.dna.primary_assembly.ERCC.fa : chr # 250  "ERCC-00104" chrStart: 3153068032
/home/hdd/yue/data/text/Homo_sapiens.GRCh38.dna.primary_assembly.ERCC.fa : chr # 251  "ERCC-00108" chrStart: 3153330176
/home/hdd/yue/data/text/Homo_sapiens.GRCh38.dna.primary_assembly.ERCC.fa : chr # 252  "ERCC-00109" chrStart: 3153592320
/home/hdd/yue/data/text/Homo_sapiens.GRCh38.dna.primary_assembly.ERCC.fa : chr # 253  "ERCC-00111" chrStart: 3153854464
/home/hdd/yue/data/text/Homo_sapiens.GRCh38.dna.primary_assembly.ERCC.fa : chr # 254  "ERCC-00112" chrStart: 3154116608
/home/hdd/yue/data/text/Homo_sapiens.GRCh38.dna.primary_assembly.ERCC.fa : chr # 255  "ERCC-00113" chrStart: 3154378752
/home/hdd/yue/data/text/Homo_sapiens.GRCh38.dna.primary_assembly.ERCC.fa : chr # 256  "ERCC-00116" chrStart: 3154640896
/home/hdd/yue/data/text/Homo_sapiens.GRCh38.dna.primary_assembly.ERCC.fa : chr # 257  "ERCC-00117" chrStart: 3154903040
/home/hdd/yue/data/text/Homo_sapiens.GRCh38.dna.primary_assembly.ERCC.fa : chr # 258  "ERCC-00120" chrStart: 3155165184
/home/hdd/yue/data/text/Homo_sapiens.GRCh38.dna.primary_assembly.ERCC.fa : chr # 259  "ERCC-00123" chrStart: 3155427328
/home/hdd/yue/data/text/Homo_sapiens.GRCh38.dna.primary_assembly.ERCC.fa : chr # 260  "ERCC-00126" chrStart: 3155689472
/home/hdd/yue/data/text/Homo_sapiens.GRCh38.dna.primary_assembly.ERCC.fa : chr # 261  "ERCC-00130" chrStart: 3155951616
/home/hdd/yue/data/text/Homo_sapiens.GRCh38.dna.primary_assembly.ERCC.fa : chr # 262  "ERCC-00131" chrStart: 3156213760
/home/hdd/yue/data/text/Homo_sapiens.GRCh38.dna.primary_assembly.ERCC.fa : chr # 263  "ERCC-00134" chrStart: 3156475904
/home/hdd/yue/data/text/Homo_sapiens.GRCh38.dna.primary_assembly.ERCC.fa : chr # 264  "ERCC-00136" chrStart: 3156738048
/home/hdd/yue/data/text/Homo_sapiens.GRCh38.dna.primary_assembly.ERCC.fa : chr # 265  "ERCC-00137" chrStart: 3157000192
/home/hdd/yue/data/text/Homo_sapiens.GRCh38.dna.primary_assembly.ERCC.fa : chr # 266  "ERCC-00138" chrStart: 3157262336
/home/hdd/yue/data/text/Homo_sapiens.GRCh38.dna.primary_assembly.ERCC.fa : chr # 267  "ERCC-00142" chrStart: 3157524480
/home/hdd/yue/data/text/Homo_sapiens.GRCh38.dna.primary_assembly.ERCC.fa : chr # 268  "ERCC-00143" chrStart: 3157786624
/home/hdd/yue/data/text/Homo_sapiens.GRCh38.dna.primary_assembly.ERCC.fa : chr # 269  "ERCC-00144" chrStart: 3158048768
/home/hdd/yue/data/text/Homo_sapiens.GRCh38.dna.primary_assembly.ERCC.fa : chr # 270  "ERCC-00145" chrStart: 3158310912
/home/hdd/yue/data/text/Homo_sapiens.GRCh38.dna.primary_assembly.ERCC.fa : chr # 271  "ERCC-00147" chrStart: 3158573056
/home/hdd/yue/data/text/Homo_sapiens.GRCh38.dna.primary_assembly.ERCC.fa : chr # 272  "ERCC-00148" chrStart: 3158835200
/home/hdd/yue/data/text/Homo_sapiens.GRCh38.dna.primary_assembly.ERCC.fa : chr # 273  "ERCC-00150" chrStart: 3159097344
/home/hdd/yue/data/text/Homo_sapiens.GRCh38.dna.primary_assembly.ERCC.fa : chr # 274  "ERCC-00154" chrStart: 3159359488
/home/hdd/yue/data/text/Homo_sapiens.GRCh38.dna.primary_assembly.ERCC.fa : chr # 275  "ERCC-00156" chrStart: 3159621632
/home/hdd/yue/data/text/Homo_sapiens.GRCh38.dna.primary_assembly.ERCC.fa : chr # 276  "ERCC-00157" chrStart: 3159883776
/home/hdd/yue/data/text/Homo_sapiens.GRCh38.dna.primary_assembly.ERCC.fa : chr # 277  "ERCC-00158" chrStart: 3160145920
/home/hdd/yue/data/text/Homo_sapiens.GRCh38.dna.primary_assembly.ERCC.fa : chr # 278  "ERCC-00160" chrStart: 3160408064
/home/hdd/yue/data/text/Homo_sapiens.GRCh38.dna.primary_assembly.ERCC.fa : chr # 279  "ERCC-00162" chrStart: 3160670208
/home/hdd/yue/data/text/Homo_sapiens.GRCh38.dna.primary_assembly.ERCC.fa : chr # 280  "ERCC-00163" chrStart: 3160932352
/home/hdd/yue/data/text/Homo_sapiens.GRCh38.dna.primary_assembly.ERCC.fa : chr # 281  "ERCC-00164" chrStart: 3161194496
/home/hdd/yue/data/text/Homo_sapiens.GRCh38.dna.primary_assembly.ERCC.fa : chr # 282  "ERCC-00165" chrStart: 3161456640
/home/hdd/yue/data/text/Homo_sapiens.GRCh38.dna.primary_assembly.ERCC.fa : chr # 283  "ERCC-00168" chrStart: 3161718784
/home/hdd/yue/data/text/Homo_sapiens.GRCh38.dna.primary_assembly.ERCC.fa : chr # 284  "ERCC-00170" chrStart: 3161980928
/home/hdd/yue/data/text/Homo_sapiens.GRCh38.dna.primary_assembly.ERCC.fa : chr # 285  "ERCC-00171" chrStart: 3162243072
Estimated genome size=3363505216   3162505216   201000000
GstrandBit=32
Number of SA indices: 5891863644
Apr 07 07:20:50 ... starting to sort Suffix Array. This may take a long time...
Number of chunks: 35;   chunks size limit: 1480498168 bytes
Apr 07 07:21:28 ... sorting Suffix Array chunks and saving them to disk...
